[ 2017-10-11T09:35:59+08:00 ] 171.84.5.54 /
INFO: [ app_begin ] --START--
INFO: Run Behavior\ReadHtmlCacheBehavior [ RunTime:0.000347s ]
INFO: [ app_begin ] --END-- [ RunTime:0.000637s ]
INFO: [ view_parse ] --START--
INFO: [ template_filter ] --START--
INFO: Run Behavior\ContentReplaceBehavior [ RunTime:0.000038s ]
INFO: [ template_filter ] --END-- [ RunTime:0.000074s ]
INFO: Run Behavior\ParseTemplateBehavior [ RunTime:0.004671s ]
INFO: [ view_parse ] --END-- [ RunTime:0.004705s ]
INFO: [ view_filter ] --START--
INFO: Run Behavior\WriteHtmlCacheBehavior [ RunTime:0.000139s ]
INFO: [ view_filter ] --END-- [ RunTime:0.000185s ]
INFO: [ app_end ] --START--
INFO: Run Behavior\ShowPageTraceBehavior [ RunTime:0.000358s ]
INFO: [ app_end ] --END-- [ RunTime:0.000388s ]

[ 2017-10-11T09:36:01+08:00 ] 171.84.5.54 /index.php/Admin/Public/check.html
INFO: [ app_begin ] --START--
INFO: Run Behavior\ReadHtmlCacheBehavior [ RunTime:0.000354s ]
INFO: [ app_begin ] --END-- [ RunTime:0.000583s ]
SQL: SHOW COLUMNS FROM `user` [ RunTime:0.0008s ]
SQL: SELECT * FROM `user` WHERE `username` = 'admin' AND `password` = 'e10adc3949ba59abbe56e057f20f883e' LIMIT 1   [ RunTime:0.0003s ]
INFO: [ view_parse ] --START--
INFO: [ template_filter ] --START--
INFO: Run Behavior\ContentReplaceBehavior [ RunTime:0.000032s ]
INFO: [ template_filter ] --END-- [ RunTime:0.000066s ]
INFO: Run Behavior\ParseTemplateBehavior [ RunTime:0.004019s ]
INFO: [ view_parse ] --END-- [ RunTime:0.004053s ]
INFO: [ view_filter ] --START--
INFO: Run Behavior\WriteHtmlCacheBehavior [ RunTime:0.000135s ]
INFO: [ view_filter ] --END-- [ RunTime:0.000162s ]
SQL: SHOW COLUMNS FROM `admin_user_loginlog` [ RunTime:0.0009s ]
SQL: INSERT INTO `admin_user_loginlog` (`uid`,`last_login_time`,`ip`,`city`) VALUES ('1','1507685761','211.70.23.4','南通市') [ RunTime:0.0149s ]
INFO: [ app_end ] --START--
INFO: Run Behavior\ShowPageTraceBehavior [ RunTime:0.000527s ]
INFO: [ app_end ] --END-- [ RunTime:0.000569s ]

[ 2017-10-11T09:36:04+08:00 ] 171.84.5.54 /index.php/Admin/Index/index.html
INFO: [ app_begin ] --START--
INFO: Run Behavior\ReadHtmlCacheBehavior [ RunTime:0.000347s ]
INFO: [ app_begin ] --END-- [ RunTime:0.000613s ]
INFO: [ view_parse ] --START--
INFO: [ template_filter ] --START--
INFO: Run Behavior\ContentReplaceBehavior [ RunTime:0.000055s ]
INFO: [ template_filter ] --END-- [ RunTime:0.000089s ]
NOTIC: [8] Undefined variable: data /www/wwwroot/admin.codechm.com/pcAdmin/Application/Runtime/Cache/Admin/b595b808c2ebeeeb0478ffc30bb4e87a.php 第 218 行.
INFO: Run Behavior\ParseTemplateBehavior [ RunTime:0.008937s ]
INFO: [ view_parse ] --END-- [ RunTime:0.008973s ]
INFO: [ view_filter ] --START--
INFO: Run Behavior\WriteHtmlCacheBehavior [ RunTime:0.000135s ]
INFO: [ view_filter ] --END-- [ RunTime:0.000164s ]
INFO: [ app_end ] --START--
INFO: Run Behavior\ShowPageTraceBehavior [ RunTime:0.000351s ]
INFO: [ app_end ] --END-- [ RunTime:0.000382s ]

[ 2017-10-11T09:36:14+08:00 ] 171.84.5.54 /index.php/Admin/Index/active.html
INFO: [ app_begin ] --START--
INFO: Run Behavior\ReadHtmlCacheBehavior [ RunTime:0.000340s ]
INFO: [ app_begin ] --END-- [ RunTime:0.000571s ]
INFO: [ view_parse ] --START--
INFO: [ template_filter ] --START--
INFO: Run Behavior\ContentReplaceBehavior [ RunTime:0.000069s ]
INFO: [ template_filter ] --END-- [ RunTime:0.000110s ]
NOTIC: [8] Undefined variable: data /www/wwwroot/admin.codechm.com/pcAdmin/Application/Runtime/Cache/Admin/5f4ae66d88598bdb1595c805bf2bed79.php 第 209 行.
INFO: Run Behavior\ParseTemplateBehavior [ RunTime:0.008544s ]
INFO: [ view_parse ] --END-- [ RunTime:0.008579s ]
INFO: [ view_filter ] --START--
INFO: Run Behavior\WriteHtmlCacheBehavior [ RunTime:0.000139s ]
INFO: [ view_filter ] --END-- [ RunTime:0.000168s ]
INFO: [ app_end ] --START--
INFO: Run Behavior\ShowPageTraceBehavior [ RunTime:0.000364s ]
INFO: [ app_end ] --END-- [ RunTime:0.000396s ]

[ 2017-10-11T09:36:15+08:00 ] 171.84.5.54 /index.php/Admin/Index/member.html
INFO: [ app_begin ] --START--
INFO: Run Behavior\ReadHtmlCacheBehavior [ RunTime:0.000342s ]
INFO: [ app_begin ] --END-- [ RunTime:0.000609s ]
INFO: [ view_parse ] --START--
INFO: [ template_filter ] --START--
INFO: Run Behavior\ContentReplaceBehavior [ RunTime:0.000062s ]
INFO: [ template_filter ] --END-- [ RunTime:0.000107s ]
NOTIC: [8] Undefined variable: data /www/wwwroot/admin.codechm.com/pcAdmin/Application/Runtime/Cache/Admin/690e0ae9ae3a9b8ffcd27c2203c147fa.php 第 251 行.
INFO: Run Behavior\ParseTemplateBehavior [ RunTime:0.009903s ]
INFO: [ view_parse ] --END-- [ RunTime:0.009938s ]
INFO: [ view_filter ] --START--
INFO: Run Behavior\WriteHtmlCacheBehavior [ RunTime:0.000144s ]
INFO: [ view_filter ] --END-- [ RunTime:0.000174s ]
INFO: [ app_end ] --START--
INFO: Run Behavior\ShowPageTraceBehavior [ RunTime:0.000378s ]
INFO: [ app_end ] --END-- [ RunTime:0.000410s ]

[ 2017-10-11T09:36:16+08:00 ] 171.84.5.54 /index.php/Admin/Index/active.html
INFO: [ app_begin ] --START--
INFO: Run Behavior\ReadHtmlCacheBehavior [ RunTime:0.000344s ]
INFO: [ app_begin ] --END-- [ RunTime:0.000576s ]
INFO: [ view_parse ] --START--
INFO: [ template_filter ] --START--
INFO: Run Behavior\ContentReplaceBehavior [ RunTime:0.000070s ]
INFO: [ template_filter ] --END-- [ RunTime:0.000132s ]
NOTIC: [8] Undefined variable: data /www/wwwroot/admin.codechm.com/pcAdmin/Application/Runtime/Cache/Admin/5f4ae66d88598bdb1595c805bf2bed79.php 第 209 行.
INFO: Run Behavior\ParseTemplateBehavior [ RunTime:0.009048s ]
INFO: [ view_parse ] --END-- [ RunTime:0.009083s ]
INFO: [ view_filter ] --START--
INFO: Run Behavior\WriteHtmlCacheBehavior [ RunTime:0.000165s ]
INFO: [ view_filter ] --END-- [ RunTime:0.000194s ]
INFO: [ app_end ] --START--
INFO: Run Behavior\ShowPageTraceBehavior [ RunTime:0.000411s ]
INFO: [ app_end ] --END-- [ RunTime:0.000444s ]

[ 2017-10-11T09:36:18+08:00 ] 171.84.5.54 /index.php/Admin/Rolls/showList.html
INFO: [ app_begin ] --START--
INFO: Run Behavior\ReadHtmlCacheBehavior [ RunTime:0.000342s ]
INFO: [ app_begin ] --END-- [ RunTime:0.000572s ]
NOTIC: [2] in_array() expects parameter 2 to be array, string given /www/wwwroot/admin.codechm.com/pcAdmin/Application/Admin/Controller/CommonController.class.php 第 34 行.
SQL: SHOW COLUMNS FROM `rolls` [ RunTime:0.0007s ]
SQL: SELECT * FROM `rolls` WHERE ( statu = 1 )  [ RunTime:0.0003s ]
INFO: [ view_parse ] --START--
INFO: [ template_filter ] --START--
INFO: Run Behavior\ContentReplaceBehavior [ RunTime:0.000054s ]
INFO: [ template_filter ] --END-- [ RunTime:0.000089s ]
INFO: Run Behavior\ParseTemplateBehavior [ RunTime:0.009721s ]
INFO: [ view_parse ] --END-- [ RunTime:0.009758s ]
INFO: [ view_filter ] --START--
INFO: Run Behavior\WriteHtmlCacheBehavior [ RunTime:0.000136s ]
INFO: [ view_filter ] --END-- [ RunTime:0.000164s ]
INFO: [ app_end ] --START--
INFO: Run Behavior\ShowPageTraceBehavior [ RunTime:0.000340s ]
INFO: [ app_end ] --END-- [ RunTime:0.000371s ]

[ 2017-10-11T09:36:22+08:00 ] 171.84.5.54 /index.php/Admin/Index/member.html
INFO: [ app_begin ] --START--
INFO: Run Behavior\ReadHtmlCacheBehavior [ RunTime:0.000341s ]
INFO: [ app_begin ] --END-- [ RunTime:0.000571s ]
INFO: [ view_parse ] --START--
INFO: [ template_filter ] --START--
INFO: Run Behavior\ContentReplaceBehavior [ RunTime:0.000057s ]
INFO: [ template_filter ] --END-- [ RunTime:0.000092s ]
NOTIC: [8] Undefined variable: data /www/wwwroot/admin.codechm.com/pcAdmin/Application/Runtime/Cache/Admin/690e0ae9ae3a9b8ffcd27c2203c147fa.php 第 251 行.
INFO: Run Behavior\ParseTemplateBehavior [ RunTime:0.009677s ]
INFO: [ view_parse ] --END-- [ RunTime:0.009711s ]
INFO: [ view_filter ] --START--
INFO: Run Behavior\WriteHtmlCacheBehavior [ RunTime:0.000135s ]
INFO: [ view_filter ] --END-- [ RunTime:0.000164s ]
INFO: [ app_end ] --START--
INFO: Run Behavior\ShowPageTraceBehavior [ RunTime:0.000345s ]
INFO: [ app_end ] --END-- [ RunTime:0.000376s ]

[ 2017-10-11T09:36:25+08:00 ] 171.84.5.54 /index.php/Admin/Memberdetail/showList.html
INFO: [ app_begin ] --START--
INFO: Run Behavior\ReadHtmlCacheBehavior [ RunTime:0.000385s ]
INFO: [ app_begin ] --END-- [ RunTime:0.000614s ]
NOTIC: [2] in_array() expects parameter 2 to be array, string given /www/wwwroot/admin.codechm.com/pcAdmin/Application/Admin/Controller/CommonController.class.php 第 34 行.
SQL: SHOW COLUMNS FROM `user_detail` [ RunTime:0.0008s ]
SQL: SELECT * FROM `user_detail` WHERE ( statu = 1 )  [ RunTime:0.0003s ]
INFO: [ view_parse ] --START--
INFO: [ template_filter ] --START--
INFO: Run Behavior\ContentReplaceBehavior [ RunTime:0.000074s ]
INFO: [ template_filter ] --END-- [ RunTime:0.000113s ]
NOTIC: [8] Undefined index: password /www/wwwroot/admin.codechm.com/pcAdmin/Application/Runtime/Cache/Admin/4c92ac95fae3dd83a12bdf4e14307d6f.php 第 264 行.
NOTIC: [8] Undefined index: role_id /www/wwwroot/admin.codechm.com/pcAdmin/Application/Runtime/Cache/Admin/4c92ac95fae3dd83a12bdf4e14307d6f.php 第 265 行.
NOTIC: [8] Undefined index: role_id /www/wwwroot/admin.codechm.com/pcAdmin/Application/Runtime/Cache/Admin/4c92ac95fae3dd83a12bdf4e14307d6f.php 第 266 行.
NOTIC: [8] Undefined index: password /www/wwwroot/admin.codechm.com/pcAdmin/Application/Runtime/Cache/Admin/4c92ac95fae3dd83a12bdf4e14307d6f.php 第 264 行.
NOTIC: [8] Undefined index: role_id /www/wwwroot/admin.codechm.com/pcAdmin/Application/Runtime/Cache/Admin/4c92ac95fae3dd83a12bdf4e14307d6f.php 第 265 行.
NOTIC: [8] Undefined index: role_id /www/wwwroot/admin.codechm.com/pcAdmin/Application/Runtime/Cache/Admin/4c92ac95fae3dd83a12bdf4e14307d6f.php 第 266 行.
NOTIC: [8] Undefined index: password /www/wwwroot/admin.codechm.com/pcAdmin/Application/Runtime/Cache/Admin/4c92ac95fae3dd83a12bdf4e14307d6f.php 第 264 行.
NOTIC: [8] Undefined index: role_id /www/wwwroot/admin.codechm.com/pcAdmin/Application/Runtime/Cache/Admin/4c92ac95fae3dd83a12bdf4e14307d6f.php 第 265 行.
NOTIC: [8] Undefined index: role_id /www/wwwroot/admin.codechm.com/pcAdmin/Application/Runtime/Cache/Admin/4c92ac95fae3dd83a12bdf4e14307d6f.php 第 266 行.
INFO: Run Behavior\ParseTemplateBehavior [ RunTime:0.011377s ]
INFO: [ view_parse ] --END-- [ RunTime:0.011409s ]
INFO: [ view_filter ] --START--
INFO: Run Behavior\WriteHtmlCacheBehavior [ RunTime:0.000139s ]
INFO: [ view_filter ] --END-- [ RunTime:0.000168s ]
INFO: [ app_end ] --START--
INFO: Run Behavior\ShowPageTraceBehavior [ RunTime:0.000350s ]
INFO: [ app_end ] --END-- [ RunTime:0.000383s ]

[ 2017-10-11T11:22:01+08:00 ] 171.84.5.54 /index.php/Admin/Index/active.html
INFO: [ app_begin ] --START--
INFO: Run Behavior\ReadHtmlCacheBehavior [ RunTime:0.000346s ]
INFO: [ app_begin ] --END-- [ RunTime:0.000580s ]
INFO: [ view_parse ] --START--
INFO: [ template_filter ] --START--
INFO: Run Behavior\ContentReplaceBehavior [ RunTime:0.000055s ]
INFO: [ template_filter ] --END-- [ RunTime:0.000094s ]
NOTIC: [8] Undefined variable: data /www/wwwroot/admin.codechm.com/pcAdmin/Application/Runtime/Cache/Admin/5f4ae66d88598bdb1595c805bf2bed79.php 第 209 行.
INFO: Run Behavior\ParseTemplateBehavior [ RunTime:0.008879s ]
INFO: [ view_parse ] --END-- [ RunTime:0.008925s ]
INFO: [ view_filter ] --START--
INFO: Run Behavior\WriteHtmlCacheBehavior [ RunTime:0.000170s ]
INFO: [ view_filter ] --END-- [ RunTime:0.000201s ]
INFO: [ app_end ] --START--
INFO: Run Behavior\ShowPageTraceBehavior [ RunTime:0.000497s ]
INFO: [ app_end ] --END-- [ RunTime:0.000532s ]

[ 2017-10-11T11:22:05+08:00 ] 171.84.5.54 /index.php/Admin/Rolls/showList.html
INFO: [ app_begin ] --START--
INFO: Run Behavior\ReadHtmlCacheBehavior [ RunTime:0.000343s ]
INFO: [ app_begin ] --END-- [ RunTime:0.000611s ]
NOTIC: [2] in_array() expects parameter 2 to be array, string given /www/wwwroot/admin.codechm.com/pcAdmin/Application/Admin/Controller/CommonController.class.php 第 34 行.
SQL: SHOW COLUMNS FROM `rolls` [ RunTime:0.0007s ]
SQL: SELECT * FROM `rolls` WHERE ( statu = 1 )  [ RunTime:0.0003s ]
INFO: [ view_parse ] --START--
INFO: [ template_filter ] --START--
INFO: Run Behavior\ContentReplaceBehavior [ RunTime:0.000066s ]
INFO: [ template_filter ] --END-- [ RunTime:0.000123s ]
INFO: Run Behavior\ParseTemplateBehavior [ RunTime:0.010880s ]
INFO: [ view_parse ] --END-- [ RunTime:0.010920s ]
INFO: [ view_filter ] --START--
INFO: Run Behavior\WriteHtmlCacheBehavior [ RunTime:0.000183s ]
INFO: [ view_filter ] --END-- [ RunTime:0.000215s ]
INFO: [ app_end ] --START--
INFO: Run Behavior\ShowPageTraceBehavior [ RunTime:0.000380s ]
INFO: [ app_end ] --END-- [ RunTime:0.000414s ]

[ 2017-10-11T11:22:10+08:00 ] 171.84.5.54 /index.php/Admin/Rolls/showList.html
INFO: [ app_begin ] --START--
INFO: Run Behavior\ReadHtmlCacheBehavior [ RunTime:0.000343s ]
INFO: [ app_begin ] --END-- [ RunTime:0.000578s ]
NOTIC: [2] in_array() expects parameter 2 to be array, string given /www/wwwroot/admin.codechm.com/pcAdmin/Application/Admin/Controller/CommonController.class.php 第 34 行.
SQL: SHOW COLUMNS FROM `rolls` [ RunTime:0.0007s ]
SQL: SELECT * FROM `rolls` WHERE ( statu = 1 )  [ RunTime:0.0003s ]
INFO: [ view_parse ] --START--
INFO: [ template_filter ] --START--
INFO: Run Behavior\ContentReplaceBehavior [ RunTime:0.000054s ]
INFO: [ template_filter ] --END-- [ RunTime:0.000091s ]
INFO: Run Behavior\ParseTemplateBehavior [ RunTime:0.009845s ]
INFO: [ view_parse ] --END-- [ RunTime:0.009883s ]
INFO: [ view_filter ] --START--
INFO: Run Behavior\WriteHtmlCacheBehavior [ RunTime:0.000136s ]
INFO: [ view_filter ] --END-- [ RunTime:0.000165s ]
INFO: [ app_end ] --START--
INFO: Run Behavior\ShowPageTraceBehavior [ RunTime:0.000762s ]
INFO: [ app_end ] --END-- [ RunTime:0.000797s ]

[ 2017-10-11T11:22:14+08:00 ] 171.84.5.54 /index.php/Admin/Rolls/showList.html
INFO: [ app_begin ] --START--
INFO: Run Behavior\ReadHtmlCacheBehavior [ RunTime:0.000341s ]
INFO: [ app_begin ] --END-- [ RunTime:0.000573s ]
NOTIC: [2] in_array() expects parameter 2 to be array, string given /www/wwwroot/admin.codechm.com/pcAdmin/Application/Admin/Controller/CommonController.class.php 第 34 行.
SQL: SHOW COLUMNS FROM `rolls` [ RunTime:0.0008s ]
SQL: SELECT * FROM `rolls` WHERE ( statu = 1 )  [ RunTime:0.0003s ]
INFO: [ view_parse ] --START--
INFO: [ template_filter ] --START--
INFO: Run Behavior\ContentReplaceBehavior [ RunTime:0.000060s ]
INFO: [ template_filter ] --END-- [ RunTime:0.000098s ]
INFO: Run Behavior\ParseTemplateBehavior [ RunTime:0.009826s ]
INFO: [ view_parse ] --END-- [ RunTime:0.009865s ]
INFO: [ view_filter ] --START--
INFO: Run Behavior\WriteHtmlCacheBehavior [ RunTime:0.000138s ]
INFO: [ view_filter ] --END-- [ RunTime:0.000168s ]
INFO: [ app_end ] --START--
INFO: Run Behavior\ShowPageTraceBehavior [ RunTime:0.000358s ]
INFO: [ app_end ] --END-- [ RunTime:0.000394s ]

[ 2017-10-11T11:24:17+08:00 ] 171.84.5.54 /index.php/Admin/Rolls/wizard.html
INFO: [ app_begin ] --START--
INFO: Run Behavior\ReadHtmlCacheBehavior [ RunTime:0.000349s ]
INFO: [ app_begin ] --END-- [ RunTime:0.000614s ]
NOTIC: [2] in_array() expects parameter 2 to be array, string given /www/wwwroot/admin.codechm.com/pcAdmin/Application/Admin/Controller/CommonController.class.php 第 34 行.
ERR: 非法操作:wizard

[ 2017-10-11T11:24:23+08:00 ] 171.84.5.54 /index.php/Admin/Rolls/showList.html
INFO: [ app_begin ] --START--
INFO: Run Behavior\ReadHtmlCacheBehavior [ RunTime:0.000339s ]
INFO: [ app_begin ] --END-- [ RunTime:0.000601s ]
NOTIC: [2] in_array() expects parameter 2 to be array, string given /www/wwwroot/admin.codechm.com/pcAdmin/Application/Admin/Controller/CommonController.class.php 第 34 行.
SQL: SHOW COLUMNS FROM `rolls` [ RunTime:0.0007s ]
SQL: SELECT * FROM `rolls` WHERE ( statu = 1 )  [ RunTime:0.0003s ]
INFO: [ view_parse ] --START--
INFO: [ template_filter ] --START--
INFO: Run Behavior\ContentReplaceBehavior [ RunTime:0.000054s ]
INFO: [ template_filter ] --END-- [ RunTime:0.000090s ]
INFO: Run Behavior\ParseTemplateBehavior [ RunTime:0.009714s ]
INFO: [ view_parse ] --END-- [ RunTime:0.009762s ]
INFO: [ view_filter ] --START--
INFO: Run Behavior\WriteHtmlCacheBehavior [ RunTime:0.000144s ]
INFO: [ view_filter ] --END-- [ RunTime:0.000179s ]
INFO: [ app_end ] --START--
INFO: Run Behavior\ShowPageTraceBehavior [ RunTime:0.000758s ]
INFO: [ app_end ] --END-- [ RunTime:0.000792s ]

[ 2017-10-11T11:24:24+08:00 ] 171.84.5.54 /index.php/Admin/Rolls/showList.html
INFO: [ app_begin ] --START--
INFO: Run Behavior\ReadHtmlCacheBehavior [ RunTime:0.000539s ]
INFO: [ app_begin ] --END-- [ RunTime:0.000884s ]
NOTIC: [2] in_array() expects parameter 2 to be array, string given /www/wwwroot/admin.codechm.com/pcAdmin/Application/Admin/Controller/CommonController.class.php 第 34 行.
SQL: SHOW COLUMNS FROM `rolls` [ RunTime:0.0007s ]
SQL: SELECT * FROM `rolls` WHERE ( statu = 1 )  [ RunTime:0.0003s ]
INFO: [ view_parse ] --START--
INFO: [ template_filter ] --START--
INFO: Run Behavior\ContentReplaceBehavior [ RunTime:0.000057s ]
INFO: [ template_filter ] --END-- [ RunTime:0.000094s ]
INFO: Run Behavior\ParseTemplateBehavior [ RunTime:0.009883s ]
INFO: [ view_parse ] --END-- [ RunTime:0.009920s ]
INFO: [ view_filter ] --START--
INFO: Run Behavior\WriteHtmlCacheBehavior [ RunTime:0.000201s ]
INFO: [ view_filter ] --END-- [ RunTime:0.000235s ]
INFO: [ app_end ] --START--
INFO: Run Behavior\ShowPageTraceBehavior [ RunTime:0.000353s ]
INFO: [ app_end ] --END-- [ RunTime:0.000387s ]

[ 2017-10-11T15:24:54+08:00 ] 171.84.5.54 /index.php/Admin/Rolls/showList.html
INFO: [ app_begin ] --START--
INFO: Run Behavior\ReadHtmlCacheBehavior [ RunTime:0.000347s ]
INFO: [ app_begin ] --END-- [ RunTime:0.000650s ]
NOTIC: [2] in_array() expects parameter 2 to be array, string given /www/wwwroot/admin.codechm.com/pcAdmin/Application/Admin/Controller/CommonController.class.php 第 34 行.
SQL: SHOW COLUMNS FROM `rolls` [ RunTime:0.0007s ]
SQL: SELECT * FROM `rolls` WHERE ( statu = 1 )  [ RunTime:0.0003s ]
INFO: [ view_parse ] --START--
INFO: [ template_filter ] --START--
INFO: Run Behavior\ContentReplaceBehavior [ RunTime:0.000058s ]
INFO: [ template_filter ] --END-- [ RunTime:0.000097s ]
INFO: Run Behavior\ParseTemplateBehavior [ RunTime:0.010432s ]
INFO: [ view_parse ] --END-- [ RunTime:0.010471s ]
INFO: [ view_filter ] --START--
INFO: Run Behavior\WriteHtmlCacheBehavior [ RunTime:0.000137s ]
INFO: [ view_filter ] --END-- [ RunTime:0.000166s ]
INFO: [ app_end ] --START--
INFO: Run Behavior\ShowPageTraceBehavior [ RunTime:0.000364s ]
INFO: [ app_end ] --END-- [ RunTime:0.000397s ]

[ 2017-10-11T15:24:55+08:00 ] 171.84.5.54 /index.php/Admin/Rolls/showList.html
INFO: [ app_begin ] --START--
INFO: Run Behavior\ReadHtmlCacheBehavior [ RunTime:0.000391s ]
INFO: [ app_begin ] --END-- [ RunTime:0.000627s ]
NOTIC: [2] in_array() expects parameter 2 to be array, string given /www/wwwroot/admin.codechm.com/pcAdmin/Application/Admin/Controller/CommonController.class.php 第 34 行.
SQL: SHOW COLUMNS FROM `rolls` [ RunTime:0.0007s ]
SQL: SELECT * FROM `rolls` WHERE ( statu = 1 )  [ RunTime:0.0003s ]
INFO: [ view_parse ] --START--
INFO: [ template_filter ] --START--
INFO: Run Behavior\ContentReplaceBehavior [ RunTime:0.000062s ]
INFO: [ template_filter ] --END-- [ RunTime:0.000104s ]
INFO: Run Behavior\ParseTemplateBehavior [ RunTime:0.010500s ]
INFO: [ view_parse ] --END-- [ RunTime:0.010539s ]
INFO: [ view_filter ] --START--
INFO: Run Behavior\WriteHtmlCacheBehavior [ RunTime:0.000139s ]
INFO: [ view_filter ] --END-- [ RunTime:0.000169s ]
INFO: [ app_end ] --START--
INFO: Run Behavior\ShowPageTraceBehavior [ RunTime:0.000377s ]
INFO: [ app_end ] --END-- [ RunTime:0.000412s ]

[ 2017-10-11T15:24:55+08:00 ] 171.84.5.54 /index.php/Admin/Rolls/showList.html
INFO: [ app_begin ] --START--
INFO: Run Behavior\ReadHtmlCacheBehavior [ RunTime:0.000434s ]
INFO: [ app_begin ] --END-- [ RunTime:0.000669s ]
NOTIC: [2] in_array() expects parameter 2 to be array, string given /www/wwwroot/admin.codechm.com/pcAdmin/Application/Admin/Controller/CommonController.class.php 第 34 行.
SQL: SHOW COLUMNS FROM `rolls` [ RunTime:0.0007s ]
SQL: SELECT * FROM `rolls` WHERE ( statu = 1 )  [ RunTime:0.0003s ]
INFO: [ view_parse ] --START--
INFO: [ template_filter ] --START--
INFO: Run Behavior\ContentReplaceBehavior [ RunTime:0.000061s ]
INFO: [ template_filter ] --END-- [ RunTime:0.000098s ]
INFO: Run Behavior\ParseTemplateBehavior [ RunTime:0.010439s ]
INFO: [ view_parse ] --END-- [ RunTime:0.010476s ]
INFO: [ view_filter ] --START--
INFO: Run Behavior\WriteHtmlCacheBehavior [ RunTime:0.000140s ]
INFO: [ view_filter ] --END-- [ RunTime:0.000170s ]
INFO: [ app_end ] --START--
INFO: Run Behavior\ShowPageTraceBehavior [ RunTime:0.000356s ]
INFO: [ app_end ] --END-- [ RunTime:0.000389s ]

[ 2017-10-11T15:24:56+08:00 ] 171.84.5.54 /index.php/Admin/Rolls/showList.html
INFO: [ app_begin ] --START--
INFO: Run Behavior\ReadHtmlCacheBehavior [ RunTime:0.000344s ]
INFO: [ app_begin ] --END-- [ RunTime:0.000615s ]
NOTIC: [2] in_array() expects parameter 2 to be array, string given /www/wwwroot/admin.codechm.com/pcAdmin/Application/Admin/Controller/CommonController.class.php 第 34 行.
SQL: SHOW COLUMNS FROM `rolls` [ RunTime:0.0007s ]
SQL: SELECT * FROM `rolls` WHERE ( statu = 1 )  [ RunTime:0.0003s ]
INFO: [ view_parse ] --START--
INFO: [ template_filter ] --START--
INFO: Run Behavior\ContentReplaceBehavior [ RunTime:0.000059s ]
INFO: [ template_filter ] --END-- [ RunTime:0.000111s ]
INFO: Run Behavior\ParseTemplateBehavior [ RunTime:0.010347s ]
INFO: [ view_parse ] --END-- [ RunTime:0.010385s ]
INFO: [ view_filter ] --START--
INFO: Run Behavior\WriteHtmlCacheBehavior [ RunTime:0.000135s ]
INFO: [ view_filter ] --END-- [ RunTime:0.000164s ]
INFO: [ app_end ] --START--
INFO: Run Behavior\ShowPageTraceBehavior [ RunTime:0.000366s ]
INFO: [ app_end ] --END-- [ RunTime:0.000399s ]

[ 2017-10-11T15:24:56+08:00 ] 171.84.5.54 /index.php/Admin/Rolls/showList.html
INFO: [ app_begin ] --START--
INFO: Run Behavior\ReadHtmlCacheBehavior [ RunTime:0.000385s ]
INFO: [ app_begin ] --END-- [ RunTime:0.000616s ]
NOTIC: [2] in_array() expects parameter 2 to be array, string given /www/wwwroot/admin.codechm.com/pcAdmin/Application/Admin/Controller/CommonController.class.php 第 34 行.
SQL: SHOW COLUMNS FROM `rolls` [ RunTime:0.0007s ]
SQL: SELECT * FROM `rolls` WHERE ( statu = 1 )  [ RunTime:0.0003s ]
INFO: [ view_parse ] --START--
INFO: [ template_filter ] --START--
INFO: Run Behavior\ContentReplaceBehavior [ RunTime:0.000059s ]
INFO: [ template_filter ] --END-- [ RunTime:0.000097s ]
INFO: Run Behavior\ParseTemplateBehavior [ RunTime:0.010421s ]
INFO: [ view_parse ] --END-- [ RunTime:0.010459s ]
INFO: [ view_filter ] --START--
INFO: Run Behavior\WriteHtmlCacheBehavior [ RunTime:0.000137s ]
INFO: [ view_filter ] --END-- [ RunTime:0.000167s ]
INFO: [ app_end ] --START--
INFO: Run Behavior\ShowPageTraceBehavior [ RunTime:0.000343s ]
INFO: [ app_end ] --END-- [ RunTime:0.000375s ]

[ 2017-10-11T15:24:56+08:00 ] 171.84.5.54 /index.php/Admin/Rolls/showList.html
INFO: [ app_begin ] --START--
INFO: Run Behavior\ReadHtmlCacheBehavior [ RunTime:0.000340s ]
INFO: [ app_begin ] --END-- [ RunTime:0.000575s ]
NOTIC: [2] in_array() expects parameter 2 to be array, string given /www/wwwroot/admin.codechm.com/pcAdmin/Application/Admin/Controller/CommonController.class.php 第 34 行.
SQL: SHOW COLUMNS FROM `rolls` [ RunTime:0.0007s ]
SQL: SELECT * FROM `rolls` WHERE ( statu = 1 )  [ RunTime:0.0003s ]
INFO: [ view_parse ] --START--
INFO: [ template_filter ] --START--
INFO: Run Behavior\ContentReplaceBehavior [ RunTime:0.000069s ]
INFO: [ template_filter ] --END-- [ RunTime:0.000124s ]
INFO: Run Behavior\ParseTemplateBehavior [ RunTime:0.010739s ]
INFO: [ view_parse ] --END-- [ RunTime:0.010778s ]
INFO: [ view_filter ] --START--
INFO: Run Behavior\WriteHtmlCacheBehavior [ RunTime:0.000153s ]
INFO: [ view_filter ] --END-- [ RunTime:0.000183s ]
INFO: [ app_end ] --START--
INFO: Run Behavior\ShowPageTraceBehavior [ RunTime:0.000403s ]
INFO: [ app_end ] --END-- [ RunTime:0.000437s ]

[ 2017-10-11T15:24:56+08:00 ] 171.84.5.54 /index.php/Admin/Rolls/showList.html
INFO: [ app_begin ] --START--
INFO: Run Behavior\ReadHtmlCacheBehavior [ RunTime:0.000590s ]
INFO: [ app_begin ] --END-- [ RunTime:0.000824s ]
NOTIC: [2] in_array() expects parameter 2 to be array, string given /www/wwwroot/admin.codechm.com/pcAdmin/Application/Admin/Controller/CommonController.class.php 第 34 行.
SQL: SHOW COLUMNS FROM `rolls` [ RunTime:0.0007s ]
SQL: SELECT * FROM `rolls` WHERE ( statu = 1 )  [ RunTime:0.0003s ]
INFO: [ view_parse ] --START--
INFO: [ template_filter ] --START--
INFO: Run Behavior\ContentReplaceBehavior [ RunTime:0.000059s ]
INFO: [ template_filter ] --END-- [ RunTime:0.000099s ]
INFO: Run Behavior\ParseTemplateBehavior [ RunTime:0.009883s ]
INFO: [ view_parse ] --END-- [ RunTime:0.009920s ]
INFO: [ view_filter ] --START--
INFO: Run Behavior\WriteHtmlCacheBehavior [ RunTime:0.000140s ]
INFO: [ view_filter ] --END-- [ RunTime:0.000170s ]
INFO: [ app_end ] --START--
INFO: Run Behavior\ShowPageTraceBehavior [ RunTime:0.000836s ]
INFO: [ app_end ] --END-- [ RunTime:0.000874s ]

[ 2017-10-11T15:24:57+08:00 ] 171.84.5.54 /index.php/Admin/Rolls/showList.html
INFO: [ app_begin ] --START--
INFO: Run Behavior\ReadHtmlCacheBehavior [ RunTime:0.000347s ]
INFO: [ app_begin ] --END-- [ RunTime:0.000579s ]
NOTIC: [2] in_array() expects parameter 2 to be array, string given /www/wwwroot/admin.codechm.com/pcAdmin/Application/Admin/Controller/CommonController.class.php 第 34 行.
SQL: SHOW COLUMNS FROM `rolls` [ RunTime:0.0007s ]
SQL: SELECT * FROM `rolls` WHERE ( statu = 1 )  [ RunTime:0.0003s ]
INFO: [ view_parse ] --START--
INFO: [ template_filter ] --START--
INFO: Run Behavior\ContentReplaceBehavior [ RunTime:0.000061s ]
INFO: [ template_filter ] --END-- [ RunTime:0.000102s ]
INFO: Run Behavior\ParseTemplateBehavior [ RunTime:0.009845s ]
INFO: [ view_parse ] --END-- [ RunTime:0.009883s ]
INFO: [ view_filter ] --START--
INFO: Run Behavior\WriteHtmlCacheBehavior [ RunTime:0.000145s ]
INFO: [ view_filter ] --END-- [ RunTime:0.000175s ]
INFO: [ app_end ] --START--
INFO: Run Behavior\ShowPageTraceBehavior [ RunTime:0.000361s ]
INFO: [ app_end ] --END-- [ RunTime:0.000399s ]

[ 2017-10-11T15:24:57+08:00 ] 171.84.5.54 /index.php/Admin/Rolls/showList.html
INFO: [ app_begin ] --START--
INFO: Run Behavior\ReadHtmlCacheBehavior [ RunTime:0.000342s ]
INFO: [ app_begin ] --END-- [ RunTime:0.000613s ]
NOTIC: [2] in_array() expects parameter 2 to be array, string given /www/wwwroot/admin.codechm.com/pcAdmin/Application/Admin/Controller/CommonController.class.php 第 34 行.
SQL: SHOW COLUMNS FROM `rolls` [ RunTime:0.0007s ]
SQL: SELECT * FROM `rolls` WHERE ( statu = 1 )  [ RunTime:0.0003s ]
INFO: [ view_parse ] --START--
INFO: [ template_filter ] --START--
INFO: Run Behavior\ContentReplaceBehavior [ RunTime:0.000057s ]
INFO: [ template_filter ] --END-- [ RunTime:0.000093s ]
INFO: Run Behavior\ParseTemplateBehavior [ RunTime:0.009691s ]
INFO: [ view_parse ] --END-- [ RunTime:0.009728s ]
INFO: [ view_filter ] --START--
INFO: Run Behavior\WriteHtmlCacheBehavior [ RunTime:0.000138s ]
INFO: [ view_filter ] --END-- [ RunTime:0.000167s ]
INFO: [ app_end ] --START--
INFO: Run Behavior\ShowPageTraceBehavior [ RunTime:0.000349s ]
INFO: [ app_end ] --END-- [ RunTime:0.000383s ]

[ 2017-10-11T15:24:58+08:00 ] 171.84.5.54 /index.php/Admin/Rolls/showList.html
INFO: [ app_begin ] --START--
INFO: Run Behavior\ReadHtmlCacheBehavior [ RunTime:0.000373s ]
INFO: [ app_begin ] --END-- [ RunTime:0.000603s ]
NOTIC: [2] in_array() expects parameter 2 to be array, string given /www/wwwroot/admin.codechm.com/pcAdmin/Application/Admin/Controller/CommonController.class.php 第 34 行.
SQL: SHOW COLUMNS FROM `rolls` [ RunTime:0.0007s ]
SQL: SELECT * FROM `rolls` WHERE ( statu = 1 )  [ RunTime:0.0003s ]
INFO: [ view_parse ] --START--
INFO: [ template_filter ] --START--
INFO: Run Behavior\ContentReplaceBehavior [ RunTime:0.000073s ]
INFO: [ template_filter ] --END-- [ RunTime:0.000110s ]
INFO: Run Behavior\ParseTemplateBehavior [ RunTime:0.009726s ]
INFO: [ view_parse ] --END-- [ RunTime:0.009764s ]
INFO: [ view_filter ] --START--
INFO: Run Behavior\WriteHtmlCacheBehavior [ RunTime:0.000136s ]
INFO: [ view_filter ] --END-- [ RunTime:0.000166s ]
INFO: [ app_end ] --START--
INFO: Run Behavior\ShowPageTraceBehavior [ RunTime:0.000850s ]
INFO: [ app_end ] --END-- [ RunTime:0.000889s ]

[ 2017-10-11T15:25:02+08:00 ] 171.84.5.54 /index.php/Admin/Index/active.html
INFO: [ app_begin ] --START--
INFO: Run Behavior\ReadHtmlCacheBehavior [ RunTime:0.000341s ]
INFO: [ app_begin ] --END-- [ RunTime:0.000574s ]
INFO: [ view_parse ] --START--
INFO: [ template_filter ] --START--
INFO: Run Behavior\ContentReplaceBehavior [ RunTime:0.000054s ]
INFO: [ template_filter ] --END-- [ RunTime:0.000090s ]
NOTIC: [8] Undefined variable: data /www/wwwroot/admin.codechm.com/pcAdmin/Application/Runtime/Cache/Admin/5f4ae66d88598bdb1595c805bf2bed79.php 第 202 行.
INFO: Run Behavior\ParseTemplateBehavior [ RunTime:0.008540s ]
INFO: [ view_parse ] --END-- [ RunTime:0.008576s ]
INFO: [ view_filter ] --START--
INFO: Run Behavior\WriteHtmlCacheBehavior [ RunTime:0.000135s ]
INFO: [ view_filter ] --END-- [ RunTime:0.000163s ]
INFO: [ app_end ] --START--
INFO: Run Behavior\ShowPageTraceBehavior [ RunTime:0.000361s ]
INFO: [ app_end ] --END-- [ RunTime:0.000392s ]

[ 2017-10-11T15:25:11+08:00 ] 171.84.5.54 /index.php/Admin/Index/active.html
INFO: [ app_begin ] --START--
INFO: Run Behavior\ReadHtmlCacheBehavior [ RunTime:0.000341s ]
INFO: [ app_begin ] --END-- [ RunTime:0.000572s ]
INFO: [ view_parse ] --START--
INFO: [ template_filter ] --START--
INFO: Run Behavior\ContentReplaceBehavior [ RunTime:0.000053s ]
INFO: [ template_filter ] --END-- [ RunTime:0.000089s ]
NOTIC: [8] Undefined variable: data /www/wwwroot/admin.codechm.com/pcAdmin/Application/Runtime/Cache/Admin/5f4ae66d88598bdb1595c805bf2bed79.php 第 202 行.
INFO: Run Behavior\ParseTemplateBehavior [ RunTime:0.008489s ]
INFO: [ view_parse ] --END-- [ RunTime:0.008523s ]
INFO: [ view_filter ] --START--
INFO: Run Behavior\WriteHtmlCacheBehavior [ RunTime:0.000133s ]
INFO: [ view_filter ] --END-- [ RunTime:0.000162s ]
INFO: [ app_end ] --START--
INFO: Run Behavior\ShowPageTraceBehavior [ RunTime:0.000355s ]
INFO: [ app_end ] --END-- [ RunTime:0.000386s ]

[ 2017-10-11T15:25:12+08:00 ] 171.84.5.54 /index.php/Admin/Rolls/showList.html
INFO: [ app_begin ] --START--
INFO: Run Behavior\ReadHtmlCacheBehavior [ RunTime:0.000408s ]
INFO: [ app_begin ] --END-- [ RunTime:0.000645s ]
NOTIC: [2] in_array() expects parameter 2 to be array, string given /www/wwwroot/admin.codechm.com/pcAdmin/Application/Admin/Controller/CommonController.class.php 第 34 行.
SQL: SHOW COLUMNS FROM `rolls` [ RunTime:0.0008s ]
SQL: SELECT * FROM `rolls` WHERE ( statu = 1 )  [ RunTime:0.0003s ]
INFO: [ view_parse ] --START--
INFO: [ template_filter ] --START--
INFO: Run Behavior\ContentReplaceBehavior [ RunTime:0.000060s ]
INFO: [ template_filter ] --END-- [ RunTime:0.000100s ]
INFO: Run Behavior\ParseTemplateBehavior [ RunTime:0.010125s ]
INFO: [ view_parse ] --END-- [ RunTime:0.010164s ]
INFO: [ view_filter ] --START--
INFO: Run Behavior\WriteHtmlCacheBehavior [ RunTime:0.000146s ]
INFO: [ view_filter ] --END-- [ RunTime:0.000176s ]
INFO: [ app_end ] --START--
INFO: Run Behavior\ShowPageTraceBehavior [ RunTime:0.000387s ]
INFO: [ app_end ] --END-- [ RunTime:0.000423s ]

[ 2017-10-11T15:25:26+08:00 ] 171.84.5.54 /index.php/Admin/Index/news.html
INFO: [ app_begin ] --START--
INFO: Run Behavior\ReadHtmlCacheBehavior [ RunTime:0.000340s ]
INFO: [ app_begin ] --END-- [ RunTime:0.000574s ]
INFO: [ view_parse ] --START--
INFO: [ template_filter ] --START--
INFO: Run Behavior\ContentReplaceBehavior [ RunTime:0.000051s ]
INFO: [ template_filter ] --END-- [ RunTime:0.000087s ]
NOTIC: [8] Undefined variable: data /www/wwwroot/admin.codechm.com/pcAdmin/Application/Runtime/Cache/Admin/33d78a532dce9c56cf1d796e9a7153d7.php 第 211 行.
INFO: Run Behavior\ParseTemplateBehavior [ RunTime:0.008654s ]
INFO: [ view_parse ] --END-- [ RunTime:0.008688s ]
INFO: [ view_filter ] --START--
INFO: Run Behavior\WriteHtmlCacheBehavior [ RunTime:0.000134s ]
INFO: [ view_filter ] --END-- [ RunTime:0.000163s ]
INFO: [ app_end ] --START--
INFO: Run Behavior\ShowPageTraceBehavior [ RunTime:0.000366s ]
INFO: [ app_end ] --END-- [ RunTime:0.000397s ]

[ 2017-10-11T15:41:30+08:00 ] 171.84.5.54 /index.php/Admin/Index/mall.html
INFO: [ app_begin ] --START--
INFO: Run Behavior\ReadHtmlCacheBehavior [ RunTime:0.000344s ]
INFO: [ app_begin ] --END-- [ RunTime:0.000576s ]
INFO: [ view_parse ] --START--
INFO: [ template_filter ] --START--
INFO: Run Behavior\ContentReplaceBehavior [ RunTime:0.000062s ]
INFO: [ template_filter ] --END-- [ RunTime:0.000115s ]
NOTIC: [8] Undefined variable: data /www/wwwroot/admin.codechm.com/pcAdmin/Application/Runtime/Cache/Admin/b6975411e6f7a351ff5d6b49f4cbda57.php 第 218 行.
INFO: Run Behavior\ParseTemplateBehavior [ RunTime:0.009425s ]
INFO: [ view_parse ] --END-- [ RunTime:0.009478s ]
INFO: [ view_filter ] --START--
INFO: Run Behavior\WriteHtmlCacheBehavior [ RunTime:0.000138s ]
INFO: [ view_filter ] --END-- [ RunTime:0.000168s ]
INFO: [ app_end ] --START--
INFO: Run Behavior\ShowPageTraceBehavior [ RunTime:0.000371s ]
INFO: [ app_end ] --END-- [ RunTime:0.000404s ]

[ 2017-10-11T15:41:30+08:00 ] 171.84.5.54 /index.php/Admin/Index/news.html
INFO: [ app_begin ] --START--
INFO: Run Behavior\ReadHtmlCacheBehavior [ RunTime:0.000339s ]
INFO: [ app_begin ] --END-- [ RunTime:0.000569s ]
INFO: [ view_parse ] --START--
INFO: [ template_filter ] --START--
INFO: Run Behavior\ContentReplaceBehavior [ RunTime:0.000051s ]
INFO: [ template_filter ] --END-- [ RunTime:0.000085s ]
NOTIC: [8] Undefined variable: data /www/wwwroot/admin.codechm.com/pcAdmin/Application/Runtime/Cache/Admin/33d78a532dce9c56cf1d796e9a7153d7.php 第 211 行.
INFO: Run Behavior\ParseTemplateBehavior [ RunTime:0.008736s ]
INFO: [ view_parse ] --END-- [ RunTime:0.008770s ]
INFO: [ view_filter ] --START--
INFO: Run Behavior\WriteHtmlCacheBehavior [ RunTime:0.000133s ]
INFO: [ view_filter ] --END-- [ RunTime:0.000161s ]
INFO: [ app_end ] --START--
INFO: Run Behavior\ShowPageTraceBehavior [ RunTime:0.000357s ]
INFO: [ app_end ] --END-- [ RunTime:0.000387s ]

[ 2017-10-11T15:41:32+08:00 ] 171.84.5.54 /index.php/Admin/News/showList.html
INFO: [ app_begin ] --START--
INFO: Run Behavior\ReadHtmlCacheBehavior [ RunTime:0.000342s ]
INFO: [ app_begin ] --END-- [ RunTime:0.000606s ]
NOTIC: [2] in_array() expects parameter 2 to be array, string given /www/wwwroot/admin.codechm.com/pcAdmin/Application/Admin/Controller/CommonController.class.php 第 34 行.
SQL: SHOW COLUMNS FROM `news` [ RunTime:0.0009s ]
SQL: SHOW COLUMNS FROM `news_type` [ RunTime:0.0004s ]
SQL: SELECT * FROM `news` WHERE ( statu = 1 )  [ RunTime:0.0003s ]
SQL: SELECT * FROM `news_type`  [ RunTime:0.0001s ]
INFO: [ view_parse ] --START--
INFO: [ template_filter ] --START--
INFO: Run Behavior\ContentReplaceBehavior [ RunTime:0.000061s ]
INFO: [ template_filter ] --END-- [ RunTime:0.000099s ]
NOTIC: [8] Use of undefined constant type_id - assumed 'type_id' /www/wwwroot/admin.codechm.com/pcAdmin/Application/Runtime/Cache/Admin/3dc6fe54eba6f3e6ff94eb330c144a45.php 第 222 行.
NOTIC: [8] Use of undefined constant id - assumed 'id' /www/wwwroot/admin.codechm.com/pcAdmin/Application/Runtime/Cache/Admin/3dc6fe54eba6f3e6ff94eb330c144a45.php 第 222 行.
NOTIC: [8] Use of undefined constant type_id - assumed 'type_id' /www/wwwroot/admin.codechm.com/pcAdmin/Application/Runtime/Cache/Admin/3dc6fe54eba6f3e6ff94eb330c144a45.php 第 222 行.
NOTIC: [8] Use of undefined constant id - assumed 'id' /www/wwwroot/admin.codechm.com/pcAdmin/Application/Runtime/Cache/Admin/3dc6fe54eba6f3e6ff94eb330c144a45.php 第 222 行.
NOTIC: [8] Use of undefined constant type_id - assumed 'type_id' /www/wwwroot/admin.codechm.com/pcAdmin/Application/Runtime/Cache/Admin/3dc6fe54eba6f3e6ff94eb330c144a45.php 第 222 行.
NOTIC: [8] Use of undefined constant id - assumed 'id' /www/wwwroot/admin.codechm.com/pcAdmin/Application/Runtime/Cache/Admin/3dc6fe54eba6f3e6ff94eb330c144a45.php 第 222 行.
NOTIC: [8] Use of undefined constant type_id - assumed 'type_id' /www/wwwroot/admin.codechm.com/pcAdmin/Application/Runtime/Cache/Admin/3dc6fe54eba6f3e6ff94eb330c144a45.php 第 222 行.
NOTIC: [8] Use of undefined constant id - assumed 'id' /www/wwwroot/admin.codechm.com/pcAdmin/Application/Runtime/Cache/Admin/3dc6fe54eba6f3e6ff94eb330c144a45.php 第 222 行.
NOTIC: [8] Use of undefined constant type_id - assumed 'type_id' /www/wwwroot/admin.codechm.com/pcAdmin/Application/Runtime/Cache/Admin/3dc6fe54eba6f3e6ff94eb330c144a45.php 第 222 行.
NOTIC: [8] Use of undefined constant id - assumed 'id' /www/wwwroot/admin.codechm.com/pcAdmin/Application/Runtime/Cache/Admin/3dc6fe54eba6f3e6ff94eb330c144a45.php 第 222 行.
NOTIC: [8] Use of undefined constant type_id - assumed 'type_id' /www/wwwroot/admin.codechm.com/pcAdmin/Application/Runtime/Cache/Admin/3dc6fe54eba6f3e6ff94eb330c144a45.php 第 222 行.
NOTIC: [8] Use of undefined constant id - assumed 'id' /www/wwwroot/admin.codechm.com/pcAdmin/Application/Runtime/Cache/Admin/3dc6fe54eba6f3e6ff94eb330c144a45.php 第 222 行.
NOTIC: [8] Use of undefined constant type_id - assumed 'type_id' /www/wwwroot/admin.codechm.com/pcAdmin/Application/Runtime/Cache/Admin/3dc6fe54eba6f3e6ff94eb330c144a45.php 第 222 行.
NOTIC: [8] Use of undefined constant id - assumed 'id' /www/wwwroot/admin.codechm.com/pcAdmin/Application/Runtime/Cache/Admin/3dc6fe54eba6f3e6ff94eb330c144a45.php 第 222 行.
NOTIC: [8] Use of undefined constant type_id - assumed 'type_id' /www/wwwroot/admin.codechm.com/pcAdmin/Application/Runtime/Cache/Admin/3dc6fe54eba6f3e6ff94eb330c144a45.php 第 222 行.
NOTIC: [8] Use of undefined constant id - assumed 'id' /www/wwwroot/admin.codechm.com/pcAdmin/Application/Runtime/Cache/Admin/3dc6fe54eba6f3e6ff94eb330c144a45.php 第 222 行.
NOTIC: [8] Use of undefined constant type_id - assumed 'type_id' /www/wwwroot/admin.codechm.com/pcAdmin/Application/Runtime/Cache/Admin/3dc6fe54eba6f3e6ff94eb330c144a45.php 第 222 行.
NOTIC: [8] Use of undefined constant id - assumed 'id' /www/wwwroot/admin.codechm.com/pcAdmin/Application/Runtime/Cache/Admin/3dc6fe54eba6f3e6ff94eb330c144a45.php 第 222 行.
NOTIC: [8] Use of undefined constant type_id - assumed 'type_id' /www/wwwroot/admin.codechm.com/pcAdmin/Application/Runtime/Cache/Admin/3dc6fe54eba6f3e6ff94eb330c144a45.php 第 222 行.
NOTIC: [8] Use of undefined constant id - assumed 'id' /www/wwwroot/admin.codechm.com/pcAdmin/Application/Runtime/Cache/Admin/3dc6fe54eba6f3e6ff94eb330c144a45.php 第 222 行.
NOTIC: [8] Use of undefined constant type_id - assumed 'type_id' /www/wwwroot/admin.codechm.com/pcAdmin/Application/Runtime/Cache/Admin/3dc6fe54eba6f3e6ff94eb330c144a45.php 第 222 行.
NOTIC: [8] Use of undefined constant id - assumed 'id' /www/wwwroot/admin.codechm.com/pcAdmin/Application/Runtime/Cache/Admin/3dc6fe54eba6f3e6ff94eb330c144a45.php 第 222 行.
NOTIC: [8] Use of undefined constant type_id - assumed 'type_id' /www/wwwroot/admin.codechm.com/pcAdmin/Application/Runtime/Cache/Admin/3dc6fe54eba6f3e6ff94eb330c144a45.php 第 222 行.
NOTIC: [8] Use of undefined constant id - assumed 'id' /www/wwwroot/admin.codechm.com/pcAdmin/Application/Runtime/Cache/Admin/3dc6fe54eba6f3e6ff94eb330c144a45.php 第 222 行.
NOTIC: [8] Use of undefined constant type_id - assumed 'type_id' /www/wwwroot/admin.codechm.com/pcAdmin/Application/Runtime/Cache/Admin/3dc6fe54eba6f3e6ff94eb330c144a45.php 第 222 行.
NOTIC: [8] Use of undefined constant id - assumed 'id' /www/wwwroot/admin.codechm.com/pcAdmin/Application/Runtime/Cache/Admin/3dc6fe54eba6f3e6ff94eb330c144a45.php 第 222 行.
NOTIC: [8] Use of undefined constant type_id - assumed 'type_id' /www/wwwroot/admin.codechm.com/pcAdmin/Application/Runtime/Cache/Admin/3dc6fe54eba6f3e6ff94eb330c144a45.php 第 222 行.
NOTIC: [8] Use of undefined constant id - assumed 'id' /www/wwwroot/admin.codechm.com/pcAdmin/Application/Runtime/Cache/Admin/3dc6fe54eba6f3e6ff94eb330c144a45.php 第 222 行.
NOTIC: [8] Use of undefined constant type_id - assumed 'type_id' /www/wwwroot/admin.codechm.com/pcAdmin/Application/Runtime/Cache/Admin/3dc6fe54eba6f3e6ff94eb330c144a45.php 第 222 行.
NOTIC: [8] Use of undefined constant id - assumed 'id' /www/wwwroot/admin.codechm.com/pcAdmin/Application/Runtime/Cache/Admin/3dc6fe54eba6f3e6ff94eb330c144a45.php 第 222 行.
NOTIC: [8] Use of undefined constant type_id - assumed 'type_id' /www/wwwroot/admin.codechm.com/pcAdmin/Application/Runtime/Cache/Admin/3dc6fe54eba6f3e6ff94eb330c144a45.php 第 222 行.
NOTIC: [8] Use of undefined constant id - assumed 'id' /www/wwwroot/admin.codechm.com/pcAdmin/Application/Runtime/Cache/Admin/3dc6fe54eba6f3e6ff94eb330c144a45.php 第 222 行.
NOTIC: [8] Use of undefined constant type_id - assumed 'type_id' /www/wwwroot/admin.codechm.com/pcAdmin/Application/Runtime/Cache/Admin/3dc6fe54eba6f3e6ff94eb330c144a45.php 第 222 行.
NOTIC: [8] Use of undefined constant id - assumed 'id' /www/wwwroot/admin.codechm.com/pcAdmin/Application/Runtime/Cache/Admin/3dc6fe54eba6f3e6ff94eb330c144a45.php 第 222 行.
NOTIC: [8] Use of undefined constant type_id - assumed 'type_id' /www/wwwroot/admin.codechm.com/pcAdmin/Application/Runtime/Cache/Admin/3dc6fe54eba6f3e6ff94eb330c144a45.php 第 222 行.
NOTIC: [8] Use of undefined constant id - assumed 'id' /www/wwwroot/admin.codechm.com/pcAdmin/Application/Runtime/Cache/Admin/3dc6fe54eba6f3e6ff94eb330c144a45.php 第 222 行.
NOTIC: [8] Use of undefined constant type_id - assumed 'type_id' /www/wwwroot/admin.codechm.com/pcAdmin/Application/Runtime/Cache/Admin/3dc6fe54eba6f3e6ff94eb330c144a45.php 第 222 行.
NOTIC: [8] Use of undefined constant id - assumed 'id' /www/wwwroot/admin.codechm.com/pcAdmin/Application/Runtime/Cache/Admin/3dc6fe54eba6f3e6ff94eb330c144a45.php 第 222 行.
NOTIC: [8] Use of undefined constant type_id - assumed 'type_id' /www/wwwroot/admin.codechm.com/pcAdmin/Application/Runtime/Cache/Admin/3dc6fe54eba6f3e6ff94eb330c144a45.php 第 222 行.
NOTIC: [8] Use of undefined constant id - assumed 'id' /www/wwwroot/admin.codechm.com/pcAdmin/Application/Runtime/Cache/Admin/3dc6fe54eba6f3e6ff94eb330c144a45.php 第 222 行.
NOTIC: [8] Use of undefined constant type_id - assumed 'type_id' /www/wwwroot/admin.codechm.com/pcAdmin/Application/Runtime/Cache/Admin/3dc6fe54eba6f3e6ff94eb330c144a45.php 第 222 行.
NOTIC: [8] Use of undefined constant id - assumed 'id' /www/wwwroot/admin.codechm.com/pcAdmin/Application/Runtime/Cache/Admin/3dc6fe54eba6f3e6ff94eb330c144a45.php 第 222 行.
NOTIC: [8] Use of undefined constant type_id - assumed 'type_id' /www/wwwroot/admin.codechm.com/pcAdmin/Application/Runtime/Cache/Admin/3dc6fe54eba6f3e6ff94eb330c144a45.php 第 222 行.
NOTIC: [8] Use of undefined constant id - assumed 'id' /www/wwwroot/admin.codechm.com/pcAdmin/Application/Runtime/Cache/Admin/3dc6fe54eba6f3e6ff94eb330c144a45.php 第 222 行.
NOTIC: [8] Use of undefined constant type_id - assumed 'type_id' /www/wwwroot/admin.codechm.com/pcAdmin/Application/Runtime/Cache/Admin/3dc6fe54eba6f3e6ff94eb330c144a45.php 第 222 行.
NOTIC: [8] Use of undefined constant id - assumed 'id' /www/wwwroot/admin.codechm.com/pcAdmin/Application/Runtime/Cache/Admin/3dc6fe54eba6f3e6ff94eb330c144a45.php 第 222 行.
NOTIC: [8] Use of undefined constant type_id - assumed 'type_id' /www/wwwroot/admin.codechm.com/pcAdmin/Application/Runtime/Cache/Admin/3dc6fe54eba6f3e6ff94eb330c144a45.php 第 222 行.
NOTIC: [8] Use of undefined constant id - assumed 'id' /www/wwwroot/admin.codechm.com/pcAdmin/Application/Runtime/Cache/Admin/3dc6fe54eba6f3e6ff94eb330c144a45.php 第 222 行.
NOTIC: [8] Use of undefined constant type_id - assumed 'type_id' /www/wwwroot/admin.codechm.com/pcAdmin/Application/Runtime/Cache/Admin/3dc6fe54eba6f3e6ff94eb330c144a45.php 第 222 行.
NOTIC: [8] Use of undefined constant id - assumed 'id' /www/wwwroot/admin.codechm.com/pcAdmin/Application/Runtime/Cache/Admin/3dc6fe54eba6f3e6ff94eb330c144a45.php 第 222 行.
NOTIC: [8] Use of undefined constant type_id - assumed 'type_id' /www/wwwroot/admin.codechm.com/pcAdmin/Application/Runtime/Cache/Admin/3dc6fe54eba6f3e6ff94eb330c144a45.php 第 222 行.
NOTIC: [8] Use of undefined constant id - assumed 'id' /www/wwwroot/admin.codechm.com/pcAdmin/Application/Runtime/Cache/Admin/3dc6fe54eba6f3e6ff94eb330c144a45.php 第 222 行.
NOTIC: [8] Use of undefined constant type_id - assumed 'type_id' /www/wwwroot/admin.codechm.com/pcAdmin/Application/Runtime/Cache/Admin/3dc6fe54eba6f3e6ff94eb330c144a45.php 第 222 行.
NOTIC: [8] Use of undefined constant id - assumed 'id' /www/wwwroot/admin.codechm.com/pcAdmin/Application/Runtime/Cache/Admin/3dc6fe54eba6f3e6ff94eb330c144a45.php 第 222 行.
NOTIC: [8] Use of undefined constant type_id - assumed 'type_id' /www/wwwroot/admin.codechm.com/pcAdmin/Application/Runtime/Cache/Admin/3dc6fe54eba6f3e6ff94eb330c144a45.php 第 222 行.
NOTIC: [8] Use of undefined constant id - assumed 'id' /www/wwwroot/admin.codechm.com/pcAdmin/Application/Runtime/Cache/Admin/3dc6fe54eba6f3e6ff94eb330c144a45.php 第 222 行.
NOTIC: [8] Use of undefined constant type_id - assumed 'type_id' /www/wwwroot/admin.codechm.com/pcAdmin/Application/Runtime/Cache/Admin/3dc6fe54eba6f3e6ff94eb330c144a45.php 第 222 行.
NOTIC: [8] Use of undefined constant id - assumed 'id' /www/wwwroot/admin.codechm.com/pcAdmin/Application/Runtime/Cache/Admin/3dc6fe54eba6f3e6ff94eb330c144a45.php 第 222 行.
NOTIC: [8] Use of undefined constant type_id - assumed 'type_id' /www/wwwroot/admin.codechm.com/pcAdmin/Application/Runtime/Cache/Admin/3dc6fe54eba6f3e6ff94eb330c144a45.php 第 222 行.
NOTIC: [8] Use of undefined constant id - assumed 'id' /www/wwwroot/admin.codechm.com/pcAdmin/Application/Runtime/Cache/Admin/3dc6fe54eba6f3e6ff94eb330c144a45.php 第 222 行.
NOTIC: [8] Use of undefined constant type_id - assumed 'type_id' /www/wwwroot/admin.codechm.com/pcAdmin/Application/Runtime/Cache/Admin/3dc6fe54eba6f3e6ff94eb330c144a45.php 第 222 行.
NOTIC: [8] Use of undefined constant id - assumed 'id' /www/wwwroot/admin.codechm.com/pcAdmin/Application/Runtime/Cache/Admin/3dc6fe54eba6f3e6ff94eb330c144a45.php 第 222 行.
NOTIC: [8] Use of undefined constant type_id - assumed 'type_id' /www/wwwroot/admin.codechm.com/pcAdmin/Application/Runtime/Cache/Admin/3dc6fe54eba6f3e6ff94eb330c144a45.php 第 222 行.
NOTIC: [8] Use of undefined constant id - assumed 'id' /www/wwwroot/admin.codechm.com/pcAdmin/Application/Runtime/Cache/Admin/3dc6fe54eba6f3e6ff94eb330c144a45.php 第 222 行.
NOTIC: [8] Use of undefined constant type_id - assumed 'type_id' /www/wwwroot/admin.codechm.com/pcAdmin/Application/Runtime/Cache/Admin/3dc6fe54eba6f3e6ff94eb330c144a45.php 第 222 行.
NOTIC: [8] Use of undefined constant id - assumed 'id' /www/wwwroot/admin.codechm.com/pcAdmin/Application/Runtime/Cache/Admin/3dc6fe54eba6f3e6ff94eb330c144a45.php 第 222 行.
NOTIC: [8] Use of undefined constant type_id - assumed 'type_id' /www/wwwroot/admin.codechm.com/pcAdmin/Application/Runtime/Cache/Admin/3dc6fe54eba6f3e6ff94eb330c144a45.php 第 222 行.
NOTIC: [8] Use of undefined constant id - assumed 'id' /www/wwwroot/admin.codechm.com/pcAdmin/Application/Runtime/Cache/Admin/3dc6fe54eba6f3e6ff94eb330c144a45.php 第 222 行.
NOTIC: [8] Use of undefined constant type_id - assumed 'type_id' /www/wwwroot/admin.codechm.com/pcAdmin/Application/Runtime/Cache/Admin/3dc6fe54eba6f3e6ff94eb330c144a45.php 第 222 行.
NOTIC: [8] Use of undefined constant id - assumed 'id' /www/wwwroot/admin.codechm.com/pcAdmin/Application/Runtime/Cache/Admin/3dc6fe54eba6f3e6ff94eb330c144a45.php 第 222 行.
NOTIC: [8] Use of undefined constant type_id - assumed 'type_id' /www/wwwroot/admin.codechm.com/pcAdmin/Application/Runtime/Cache/Admin/3dc6fe54eba6f3e6ff94eb330c144a45.php 第 222 行.
NOTIC: [8] Use of undefined constant id - assumed 'id' /www/wwwroot/admin.codechm.com/pcAdmin/Application/Runtime/Cache/Admin/3dc6fe54eba6f3e6ff94eb330c144a45.php 第 222 行.
NOTIC: [8] Use of undefined constant type_id - assumed 'type_id' /www/wwwroot/admin.codechm.com/pcAdmin/Application/Runtime/Cache/Admin/3dc6fe54eba6f3e6ff94eb330c144a45.php 第 222 行.
NOTIC: [8] Use of undefined constant id - assumed 'id' /www/wwwroot/admin.codechm.com/pcAdmin/Application/Runtime/Cache/Admin/3dc6fe54eba6f3e6ff94eb330c144a45.php 第 222 行.
NOTIC: [8] Use of undefined constant type_id - assumed 'type_id' /www/wwwroot/admin.codechm.com/pcAdmin/Application/Runtime/Cache/Admin/3dc6fe54eba6f3e6ff94eb330c144a45.php 第 222 行.
NOTIC: [8] Use of undefined constant id - assumed 'id' /www/wwwroot/admin.codechm.com/pcAdmin/Application/Runtime/Cache/Admin/3dc6fe54eba6f3e6ff94eb330c144a45.php 第 222 行.
NOTIC: [8] Use of undefined constant type_id - assumed 'type_id' /www/wwwroot/admin.codechm.com/pcAdmin/Application/Runtime/Cache/Admin/3dc6fe54eba6f3e6ff94eb330c144a45.php 第 222 行.
NOTIC: [8] Use of undefined constant id - assumed 'id' /www/wwwroot/admin.codechm.com/pcAdmin/Application/Runtime/Cache/Admin/3dc6fe54eba6f3e6ff94eb330c144a45.php 第 222 行.
NOTIC: [8] Use of undefined constant type_id - assumed 'type_id' /www/wwwroot/admin.codechm.com/pcAdmin/Application/Runtime/Cache/Admin/3dc6fe54eba6f3e6ff94eb330c144a45.php 第 222 行.
NOTIC: [8] Use of undefined constant id - assumed 'id' /www/wwwroot/admin.codechm.com/pcAdmin/Application/Runtime/Cache/Admin/3dc6fe54eba6f3e6ff94eb330c144a45.php 第 222 行.
INFO: Run Behavior\ParseTemplateBehavior [ RunTime:0.039177s ]
INFO: [ view_parse ] --END-- [ RunTime:0.039216s ]
INFO: [ view_filter ] --START--
INFO: Run Behavior\WriteHtmlCacheBehavior [ RunTime:0.000146s ]
INFO: [ view_filter ] --END-- [ RunTime:0.000176s ]
INFO: [ app_end ] --START--
INFO: Run Behavior\ShowPageTraceBehavior [ RunTime:0.000363s ]
INFO: [ app_end ] --END-- [ RunTime:0.000396s ]

